<?xml version="1.0" encoding="UTF-8"?>
<!-- Generated by org.testng.reporters.JUnitXMLReporter -->
<testsuite ignored="0" hostname="MacBook-Air-5.local" failures="1" tests="1" name="Firefox Test" time="7.285" errors="0" timestamp="2026-07-15T11:51:14 IST">
  <testcase classname="com.navigationcommands.Demo.B_BrowserNavigationTest" name="NavigationTest" time="0.007">
    <failure type="org.openqa.selenium.NoSuchWindowException" message="Browsing context has been discarded
Build info: version: &amp;apos;4.45.0&amp;apos;, revision: &amp;apos;cd6a3cd cd6a3cdfca6970f62e5bc8344109d0fe0e2af05e&amp;apos;
System info: os.name: &amp;apos;Mac OS X&amp;apos;, os.arch: &amp;apos;aarch64&amp;apos;, os.version: &amp;apos;26.5.2&amp;apos;, java.version: &amp;apos;21.0.11&amp;apos;
Driver info: org.openqa.selenium.firefox.FirefoxDriver
Command: [210e0866-92c4-4f39-904a-ed15988c3268, get {url=https://practicetestautomation.com/practice-test-login/}]
Capabilities {acceptInsecureCerts: true, browserName: firefox, browserVersion: 152.0.6, moz:accessibilityChecks: false, moz:buildID: 20260713164047, moz:geckodriverVersion: 0.37.0, moz:headless: false, moz:platformVersion: 25.5.0, moz:processID: 54821, moz:profile: /var/folders/43/ltymmlgx031..., moz:shutdownTimeout: 60000, moz:webdriverClick: true, moz:windowless: false, pageLoadStrategy: normal, platformName: mac, proxy: Proxy(), setWindowRect: true, strictFileInteractability: false, timeouts: {implicit: 0, pageLoad: 300000, script: 30000}, unhandledPromptBehavior: dismiss and notify, userAgent: Mozilla/5.0 (Macintosh; Int...}
Session ID: 210e0866-92c4-4f39-904a-ed15988c3268">
      <![CDATA[org.openqa.selenium.NoSuchWindowException: Browsing context has been discarded
Build info: version: '4.45.0', revision: 'cd6a3cd cd6a3cdfca6970f62e5bc8344109d0fe0e2af05e'
System info: os.name: 'Mac OS X', os.arch: 'aarch64', os.version: '26.5.2', java.version: '21.0.11'
Driver info: org.openqa.selenium.firefox.FirefoxDriver
Command: [210e0866-92c4-4f39-904a-ed15988c3268, get {url=https://practicetestautomation.com/practice-test-login/}]
Capabilities {acceptInsecureCerts: true, browserName: firefox, browserVersion: 152.0.6, moz:accessibilityChecks: false, moz:buildID: 20260713164047, moz:geckodriverVersion: 0.37.0, moz:headless: false, moz:platformVersion: 25.5.0, moz:processID: 54821, moz:profile: /var/folders/43/ltymmlgx031..., moz:shutdownTimeout: 60000, moz:webdriverClick: true, moz:windowless: false, pageLoadStrategy: normal, platformName: mac, proxy: Proxy(), setWindowRect: true, strictFileInteractability: false, timeouts: {implicit: 0, pageLoad: 300000, script: 30000}, unhandledPromptBehavior: dismiss and notify, userAgent: Mozilla/5.0 (Macintosh; Int...}
Session ID: 210e0866-92c4-4f39-904a-ed15988c3268
at org.openqa.selenium.remote.ErrorCodec.decode(ErrorCodec.java:169)
at org.openqa.selenium.remote.codec.w3c.W3CHttpResponseCodec.decode(W3CHttpResponseCodec.java:143)
at org.openqa.selenium.remote.codec.w3c.W3CHttpResponseCodec.decode(W3CHttpResponseCodec.java:50)
at org.openqa.selenium.remote.HttpCommandExecutor.execute(HttpCommandExecutor.java:196)
at org.openqa.selenium.remote.service.DriverCommandExecutor.invokeExecute(DriverCommandExecutor.java:217)
at org.openqa.selenium.remote.service.DriverCommandExecutor.execute(DriverCommandExecutor.java:175)
at org.openqa.selenium.remote.RemoteWebDriver.execute(RemoteWebDriver.java:575)
at org.openqa.selenium.remote.RemoteWebDriver.get(RemoteWebDriver.java:341)
at com.navigationcommands.Demo.B_BrowserNavigationTest.NavigationTest(B_BrowserNavigationTest.java:35)
at java.base/java.util.ArrayList.forEach(ArrayList.java:1596)
... Removed 25 stack frames]]>
    </failure>
  </testcase> <!-- NavigationTest -->
</testsuite> <!-- Firefox Test -->
