<?xml version="1.0" encoding="UTF-8"?>
<!-- Generated by org.testng.reporters.JUnitXMLReporter -->
<testsuite ignored="0" hostname="MacBook-Air-5.local" failures="0" tests="1" name="Test" time="0.032" errors="0" timestamp="2026-07-15T11:36:03 IST">
  <testcase classname="com.navigationcommands.Demo.B_BrowserNavigationTest" name="@BeforeMethod setup" time="-1.784095563865E9">
    <failure type="org.testng.TestNGException" message="
Parameter &amp;apos;browser&amp;apos; is required by BeforeMethod on method setup but has not been marked @Optional or defined
in /Users/av/Eclipse-workspace/WebDriverNavigationCommands/testng.xml">
      <![CDATA[org.testng.TestNGException: 
Parameter 'browser' is required by BeforeMethod on method setup but has not been marked @Optional or defined
in /Users/av/Eclipse-workspace/WebDriverNavigationCommands/testng.xml
at java.base/java.util.ArrayList.forEach(ArrayList.java:1596)
... Removed 28 stack frames]]>
    </failure>
  </testcase> <!-- @BeforeMethod setup -->
  <testcase classname="com.navigationcommands.Demo.B_BrowserNavigationTest" name="@AfterMethod tearDown" time="0.0">
    <skipped/>
  </testcase> <!-- @AfterMethod tearDown -->
  <testcase classname="com.navigationcommands.Demo.B_BrowserNavigationTest" name="NavigationTest" time="0.0">
    <skipped/>
  </testcase> <!-- NavigationTest -->
</testsuite> <!-- Test -->
