<?xml version="1.0" encoding="UTF-8"?>
<testng-results ignored="0" total="1" passed="1" failed="0" skipped="0">
  <reporter-output>
  </reporter-output>
  <suite started-at="2026-07-18T14:21:40 IST" name="Default suite" finished-at="2026-07-18T14:21:53 IST" duration-ms="13477">
    <groups>
    </groups>
    <test started-at="2026-07-18T14:21:40 IST" name="Default test" finished-at="2026-07-18T14:21:53 IST" duration-ms="13477">
      <class name="com.Easyccalculation.TestCases.ExecuteLoginPage">
        <test-method signature="CheckValidUser()[pri:0, instance:com.Easyccalculation.TestCases.ExecuteLoginPage@48e1f6c7]" started-at="2026-07-18T14:21:40 IST" name="CheckValidUser" finished-at="2026-07-18T14:21:53 IST" duration-ms="13399" status="PASS">
          <reporter-output>
          </reporter-output>
        </test-method> <!-- CheckValidUser -->
      </class> <!-- com.Easyccalculation.TestCases.ExecuteLoginPage -->
    </test> <!-- Default test -->
  </suite> <!-- Default suite -->
</testng-results>
